<?xml version="1.0" encoding="UTF-8"?>
<!-- Generated by org.testng.reporters.JUnitReportReporter -->
<testsuite hostname="Zafar" failures="0" tests="1" name="X" time="0.011" errors="0" timestamp="2023-06-01T23:53:29 IST" skipped="0">
  <testcase classname="X" name="test" time="0.011"/>
  <system-out/>
</testsuite> <!-- X -->
